\BOOKMARK [1][-]{section.1}{Team Meeting Plan}{}% 1
\BOOKMARK [2][-]{subsection.1.1}{Overview}{section.1}% 2
\BOOKMARK [2][-]{subsection.1.2}{Meeting Structure}{section.1}% 3
\BOOKMARK [2][-]{subsection.1.3}{Components of Meetings}{section.1}% 4
\BOOKMARK [3][-]{subsubsection.1.3.1}{The Chair}{subsection.1.3}% 5
\BOOKMARK [3][-]{subsubsection.1.3.2}{The Agenda}{subsection.1.3}% 6
\BOOKMARK [3][-]{subsubsection.1.3.3}{The Scribe}{subsection.1.3}% 7
\BOOKMARK [3][-]{subsubsection.1.3.4}{The Meeting Minutes}{subsection.1.3}% 8
\BOOKMARK [2][-]{subsection.1.4}{Emergency Provisions}{section.1}% 9
\BOOKMARK [1][-]{section.2}{Team Communication Plan}{}% 10
\BOOKMARK [2][-]{subsection.2.1}{Online Platforms}{section.2}% 11
\BOOKMARK [3][-]{subsubsection.2.1.1}{Facebook}{subsection.2.1}% 12
\BOOKMARK [3][-]{subsubsection.2.1.2}{GitLab}{subsection.2.1}% 13
\BOOKMARK [3][-]{subsubsection.2.1.3}{Phone}{subsection.2.1}% 14
\BOOKMARK [1][-]{section.3}{Team Member Roles}{}% 15
\BOOKMARK [2][-]{subsection.3.1}{Assignment of Roles}{section.3}% 16
\BOOKMARK [2][-]{subsection.3.2}{Description of Roles}{section.3}% 17
\BOOKMARK [3][-]{subsubsection.3.2.1}{Team Lead}{subsection.3.2}% 18
\BOOKMARK [3][-]{subsubsection.3.2.2}{Technology Expert}{subsection.3.2}% 19
\BOOKMARK [3][-]{subsubsection.3.2.3}{Graphics Expert}{subsection.3.2}% 20
\BOOKMARK [3][-]{subsubsection.3.2.4}{Theory Expert}{subsection.3.2}% 21
\BOOKMARK [3][-]{subsubsection.3.2.5}{Qualitative Testing Expert}{subsection.3.2}% 22
\BOOKMARK [3][-]{subsubsection.3.2.6}{Quantitative Testing Expert}{subsection.3.2}% 23
\BOOKMARK [1][-]{section.4}{Git Workflow Plan}{}% 24
\BOOKMARK [2][-]{subsection.4.1}{Feature-branch Overview}{section.4}% 25
\BOOKMARK [2][-]{subsection.4.2}{Rationale}{section.4}% 26
\BOOKMARK [1][-]{section.5}{Proof of Concept Demonstration Plan}{}% 27
\BOOKMARK [2][-]{subsection.5.1}{The Car Model}{section.5}% 28
\BOOKMARK [3][-]{subsubsection.5.1.1}{The Car}{subsection.5.1}% 29
\BOOKMARK [3][-]{subsubsection.5.1.2}{The Deliverable}{subsection.5.1}% 30
\BOOKMARK [3][-]{subsubsection.5.1.3}{The Risks}{subsection.5.1}% 31
\BOOKMARK [2][-]{subsection.5.2}{The Genetic Algorithm}{section.5}% 32
\BOOKMARK [3][-]{subsubsection.5.2.1}{Genetic Algorithm Overview}{subsection.5.2}% 33
\BOOKMARK [3][-]{subsubsection.5.2.2}{The Deliverable}{subsection.5.2}% 34
\BOOKMARK [3][-]{subsubsection.5.2.3}{The Risks}{subsection.5.2}% 35
\BOOKMARK [2][-]{subsection.5.3}{The Graphics}{section.5}% 36
\BOOKMARK [3][-]{subsubsection.5.3.1}{Graphics Overview}{subsection.5.3}% 37
\BOOKMARK [3][-]{subsubsection.5.3.2}{The Deliverable}{subsection.5.3}% 38
\BOOKMARK [3][-]{subsubsection.5.3.3}{The Risks}{subsection.5.3}% 39
\BOOKMARK [1][-]{section.6}{Technology}{}% 40
\BOOKMARK [2][-]{subsection.6.1}{JavaScript}{section.6}% 41
\BOOKMARK [2][-]{subsection.6.2}{Latex}{section.6}% 42
\BOOKMARK [2][-]{subsection.6.3}{GitLab}{section.6}% 43
\BOOKMARK [1][-]{section.7}{Coding Style}{}% 44
\BOOKMARK [2][-]{subsection.7.1}{Mozilla Developer Network}{section.7}% 45
\BOOKMARK [1][-]{section.8}{Project Schedule}{}% 46
\BOOKMARK [1][-]{section.9}{Project Review}{}% 47
