This is pdfTeX, Version 3.14159265-2.6-1.40.17 (MiKTeX 2.9.6100 64-bit) (preloaded format=pdflatex 2016.9.28)  9 NOV 2016 09:21
entering extended mode
**C:/Users/Eric/Documents/GrateBox/Doc/Design/MG/MG.tex
(C:/Users/Eric/Documents/GrateBox/Doc/Design/MG/MG.tex
LaTeX2e <2016/03/31> patch level 3
Babel <3.9r> and hyphenation patterns for 75 language(s) loaded.
("C:\Program Files\MiKTeX 2.9\tex\latex\base\article.cls"
Document Class: article 2014/09/29 v1.4h Standard LaTeX document class
("C:\Program Files\MiKTeX 2.9\tex\latex\base\size12.clo"
File: size12.clo 2014/09/29 v1.4h Standard LaTeX file (size option)
)
\c@part=\count79
\c@section=\count80
\c@subsection=\count81
\c@subsubsection=\count82
\c@paragraph=\count83
\c@subparagraph=\count84
\c@figure=\count85
\c@table=\count86
\abovecaptionskip=\skip41
\belowcaptionskip=\skip42
\bibindent=\dimen102
)
("C:\Program Files\MiKTeX 2.9\tex\latex\preprint\fullpage.sty"
Package: fullpage 1999/02/23 1.1 (PWD)
\FP@margin=\skip43
)
("C:\Program Files\MiKTeX 2.9\tex\latex\natbib\natbib.sty"
Package: natbib 2010/09/13 8.31b (PWD, AO)
\bibhang=\skip44
\bibsep=\skip45
LaTeX Info: Redefining \cite on input line 694.
\c@NAT@ctr=\count87
)
("C:\Program Files\MiKTeX 2.9\tex\latex\multirow\multirow.sty"
Package: multirow 2016/10/11 v2.1 Span multiple rows of a table
\multirow@colwidth=\skip46
\multirow@cnta=\count88
\multirow@cntb=\count89
\multirow@dima=\skip47
\bigstrutjot=\dimen103
)
("C:\Program Files\MiKTeX 2.9\tex\latex\booktabs\booktabs.sty"
Package: booktabs 2005/04/14 v1.61803 publication quality tables
\heavyrulewidth=\dimen104
\lightrulewidth=\dimen105
\cmidrulewidth=\dimen106
\belowrulesep=\dimen107
\belowbottomsep=\dimen108
\aboverulesep=\dimen109
\abovetopsep=\dimen110
\cmidrulesep=\dimen111
\cmidrulekern=\dimen112
\defaultaddspace=\dimen113
\@cmidla=\count90
\@cmidlb=\count91
\@aboverulesep=\dimen114
\@belowrulesep=\dimen115
\@thisruleclass=\count92
\@lastruleclass=\count93
\@thisrulewidth=\dimen116
)
("C:\Program Files\MiKTeX 2.9\tex\latex\tools\tabularx.sty"
Package: tabularx 2016/02/03 v2.11 `tabularx' package (DPC)

("C:\Program Files\MiKTeX 2.9\tex\latex\tools\array.sty"
Package: array 2014/10/28 v2.4c Tabular extension package (FMi)
\col@sep=\dimen117
\extrarowheight=\dimen118
\NC@list=\toks14
\extratabsurround=\skip48
\backup@length=\skip49
)
\TX@col@width=\dimen119
\TX@old@table=\dimen120
\TX@old@col=\dimen121
\TX@target=\dimen122
\TX@delta=\dimen123
\TX@cols=\count94
\TX@ftn=\toks15
)
("C:\Program Files\MiKTeX 2.9\tex\latex\graphics\graphicx.sty"
Package: graphicx 2014/10/28 v1.0g Enhanced LaTeX Graphics (DPC,SPQR)

("C:\Program Files\MiKTeX 2.9\tex\latex\graphics\keyval.sty"
Package: keyval 2014/10/28 v1.15 key=value parser (DPC)
\KV@toks@=\toks16
)
("C:\Program Files\MiKTeX 2.9\tex\latex\graphics\graphics.sty"
Package: graphics 2016/07/10 v1.0t Standard LaTeX Graphics (DPC,SPQR)

("C:\Program Files\MiKTeX 2.9\tex\latex\graphics\trig.sty"
Package: trig 2016/01/03 v1.10 sin cos tan (DPC)
)
("C:\Program Files\MiKTeX 2.9\tex\latex\graphics-cfg\graphics.cfg"
File: graphics.cfg 2016/06/04 v1.11 sample graphics configuration
)
Package graphics Info: Driver file: pdftex.def on input line 99.

("C:\Program Files\MiKTeX 2.9\tex\latex\graphics-def\pdftex.def"
File: pdftex.def 2016/07/10 v0.06j Graphics/color for pdfTeX

("C:\Program Files\MiKTeX 2.9\tex\generic\oberdiek\infwarerr.sty"
Package: infwarerr 2016/05/16 v1.4 Providing info/warning/error messages (HO)
)
("C:\Program Files\MiKTeX 2.9\tex\generic\oberdiek\ltxcmds.sty"
Package: ltxcmds 2016/05/16 v1.23 LaTeX kernel commands for general use (HO)
)
\Gread@gobject=\count95
))
\Gin@req@height=\dimen124
\Gin@req@width=\dimen125
)
("C:\Program Files\MiKTeX 2.9\tex\latex\float\float.sty"
Package: float 2001/11/08 v1.3d Float enhancements (AL)
\c@float@type=\count96
\float@exts=\toks17
\float@box=\box26
\@float@everytoks=\toks18
\@floatcapt=\box27
)
("C:\Program Files\MiKTeX 2.9\tex\latex\hyperref\hyperref.sty"
Package: hyperref 2016/06/24 v6.83q Hypertext links for LaTeX

("C:\Program Files\MiKTeX 2.9\tex\generic\oberdiek\hobsub-hyperref.sty"
Package: hobsub-hyperref 2016/05/16 v1.14 Bundle oberdiek, subset hyperref (HO)


("C:\Program Files\MiKTeX 2.9\tex\generic\oberdiek\hobsub-generic.sty"
Package: hobsub-generic 2016/05/16 v1.14 Bundle oberdiek, subset generic (HO)
Package: hobsub 2016/05/16 v1.14 Construct package bundles (HO)
Package hobsub Info: Skipping package `infwarerr' (already loaded).
Package hobsub Info: Skipping package `ltxcmds' (already loaded).
Package: ifluatex 2016/05/16 v1.4 Provides the ifluatex switch (HO)
Package ifluatex Info: LuaTeX not detected.
Package: ifvtex 2016/05/16 v1.6 Detect VTeX and its facilities (HO)
Package ifvtex Info: VTeX not detected.
Package: intcalc 2016/05/16 v1.2 Expandable calculations with integers (HO)
Package: ifpdf 2016/05/14 v3.1 Provides the ifpdf switch
Package: etexcmds 2016/05/16 v1.6 Avoid name clashes with e-TeX commands (HO)
Package etexcmds Info: Could not find \expanded.
(etexcmds)             That can mean that you are not using pdfTeX 1.50 or
(etexcmds)             that some package has redefined \expanded.
(etexcmds)             In the latter case, load this package earlier.
Package: kvsetkeys 2016/05/16 v1.17 Key value parser (HO)
Package: kvdefinekeys 2016/05/16 v1.4 Define keys (HO)
Package: pdftexcmds 2016/05/21 v0.22 Utility functions of pdfTeX for LuaTeX (HO
)
Package pdftexcmds Info: LuaTeX not detected.
Package pdftexcmds Info: \pdf@primitive is available.
Package pdftexcmds Info: \pdf@ifprimitive is available.
Package pdftexcmds Info: \pdfdraftmode found.
Package: pdfescape 2016/05/16 v1.14 Implements pdfTeX's escape features (HO)
Package: bigintcalc 2016/05/16 v1.4 Expandable calculations on big integers (HO
)
Package: bitset 2016/05/16 v1.2 Handle bit-vector datatype (HO)
Package: uniquecounter 2016/05/16 v1.3 Provide unlimited unique counter (HO)
)
Package hobsub Info: Skipping package `hobsub' (already loaded).
Package: letltxmacro 2016/05/16 v1.5 Let assignment for LaTeX macros (HO)
Package: hopatch 2016/05/16 v1.3 Wrapper for package hooks (HO)
Package: xcolor-patch 2016/05/16 xcolor patch
Package: atveryend 2016/05/16 v1.9 Hooks at the very end of document (HO)
Package atveryend Info: \enddocument detected (standard20110627).
Package: atbegshi 2016/06/09 v1.18 At begin shipout hook (HO)
Package: refcount 2016/05/16 v3.5 Data extraction from label references (HO)
Package: hycolor 2016/05/16 v1.8 Color options for hyperref/bookmark (HO)
)
("C:\Program Files\MiKTeX 2.9\tex\generic\ifxetex\ifxetex.sty"
Package: ifxetex 2010/09/12 v0.6 Provides ifxetex conditional
)
("C:\Program Files\MiKTeX 2.9\tex\latex\oberdiek\auxhook.sty"
Package: auxhook 2016/05/16 v1.4 Hooks for auxiliary files (HO)
)
("C:\Program Files\MiKTeX 2.9\tex\latex\oberdiek\kvoptions.sty"
Package: kvoptions 2016/05/16 v3.12 Key value format for package options (HO)
)
\@linkdim=\dimen126
\Hy@linkcounter=\count97
\Hy@pagecounter=\count98

("C:\Program Files\MiKTeX 2.9\tex\latex\hyperref\pd1enc.def"
File: pd1enc.def 2016/06/24 v6.83q Hyperref: PDFDocEncoding definition (HO)
)
\Hy@SavedSpaceFactor=\count99

("C:\Program Files\MiKTeX 2.9\tex\latex\00miktex\hyperref.cfg"
File: hyperref.cfg 2002/06/06 v1.2 hyperref configuration of TeXLive
)
Package hyperref Info: Hyper figures OFF on input line 4486.
Package hyperref Info: Link nesting OFF on input line 4491.
Package hyperref Info: Hyper index ON on input line 4494.
Package hyperref Info: Plain pages OFF on input line 4501.
Package hyperref Info: Backreferencing OFF on input line 4506.
Package hyperref Info: Implicit mode ON; LaTeX internals redefined.
Package hyperref Info: Bookmarks ON on input line 4735.
\c@Hy@tempcnt=\count100

("C:\Program Files\MiKTeX 2.9\tex\latex\url\url.sty"
\Urlmuskip=\muskip10
Package: url 2013/09/16  ver 3.4  Verb mode for urls, etc.
)
LaTeX Info: Redefining \url on input line 5088.
\XeTeXLinkMargin=\dimen127
\Fld@menulength=\count101
\Field@Width=\dimen128
\Fld@charsize=\dimen129
Package hyperref Info: Hyper figures OFF on input line 6342.
Package hyperref Info: Link nesting OFF on input line 6347.
Package hyperref Info: Hyper index ON on input line 6350.
Package hyperref Info: backreferencing OFF on input line 6357.
Package hyperref Info: Link coloring OFF on input line 6362.
Package hyperref Info: Link coloring with OCG OFF on input line 6367.
Package hyperref Info: PDF/A mode OFF on input line 6372.
LaTeX Info: Redefining \ref on input line 6412.
LaTeX Info: Redefining \pageref on input line 6416.
\Hy@abspage=\count102
\c@Item=\count103
\c@Hfootnote=\count104
)

Package hyperref Message: Driver (autodetected): hpdftex.

("C:\Program Files\MiKTeX 2.9\tex\latex\hyperref\hpdftex.def"
File: hpdftex.def 2016/06/24 v6.83q Hyperref driver for pdfTeX
\Fld@listcount=\count105
\c@bookmark@seq@number=\count106

("C:\Program Files\MiKTeX 2.9\tex\latex\oberdiek\rerunfilecheck.sty"
Package: rerunfilecheck 2016/05/16 v1.8 Rerun checks for auxiliary files (HO)
Package uniquecounter Info: New unique counter `rerunfilecheck' on input line 2
82.
)
\Hy@SectionHShift=\skip50
)
Package hyperref Info: Option `colorlinks' set `true' on input line 17.
\c@acnum=\count107
\c@ucnum=\count108
\c@mnum=\count109

(C:/Users\Eric\Documents\GrateBox\Doc\Comments.tex
("C:\Program Files\MiKTeX 2.9\tex\latex\graphics\color.sty"
Package: color 2016/07/10 v1.1e Standard LaTeX Color (DPC)

("C:\Program Files\MiKTeX 2.9\tex\latex\graphics-cfg\color.cfg"
File: color.cfg 2016/01/02 v1.6 sample color configuration
)
Package color Info: Driver file: pdftex.def on input line 147.
))
No file MG.aux.
\openout1 = `MG.aux'.

LaTeX Font Info:    Checking defaults for OML/cmm/m/it on input line 44.
LaTeX Font Info:    ... okay on input line 44.
LaTeX Font Info:    Checking defaults for T1/cmr/m/n on input line 44.
LaTeX Font Info:    ... okay on input line 44.
LaTeX Font Info:    Checking defaults for OT1/cmr/m/n on input line 44.
LaTeX Font Info:    ... okay on input line 44.
LaTeX Font Info:    Checking defaults for OMS/cmsy/m/n on input line 44.
LaTeX Font Info:    ... okay on input line 44.
LaTeX Font Info:    Checking defaults for OMX/cmex/m/n on input line 44.
LaTeX Font Info:    ... okay on input line 44.
LaTeX Font Info:    Checking defaults for U/cmr/m/n on input line 44.
LaTeX Font Info:    ... okay on input line 44.
LaTeX Font Info:    Checking defaults for PD1/pdf/m/n on input line 44.
LaTeX Font Info:    ... okay on input line 44.
("C:\Program Files\MiKTeX 2.9\tex\context\base\supp-pdf.mkii"
[Loading MPS to PDF converter (version 2006.09.02).]
\scratchcounter=\count110
\scratchdimen=\dimen130
\scratchbox=\box28
\nofMPsegments=\count111
\nofMParguments=\count112
\everyMPshowfont=\toks19
\MPscratchCnt=\count113
\MPscratchDim=\dimen131
\MPnumerator=\count114
\makeMPintoPDFobject=\count115
\everyMPtoPDFconversion=\toks20
) ("C:\Program Files\MiKTeX 2.9\tex\latex\oberdiek\epstopdf-base.sty"
Package: epstopdf-base 2016/05/15 v2.6 Base part for package epstopdf

("C:\Program Files\MiKTeX 2.9\tex\latex\oberdiek\grfext.sty"
Package: grfext 2016/05/16 v1.2 Manage graphics extensions (HO)
)
Package epstopdf-base Info: Redefining graphics rule for `.eps' on input line 4
38.
Package grfext Info: Graphics extension search list:
(grfext)             [.png,.pdf,.jpg,.mps,.jpeg,.jbig2,.jb2,.PNG,.PDF,.JPG,.JPE
G,.JBIG2,.JB2,.eps]
(grfext)             \AppendGraphicsExtensions on input line 456.
)
\AtBeginShipoutBox=\box29
Package hyperref Info: Link coloring ON on input line 44.

("C:\Program Files\MiKTeX 2.9\tex\latex\hyperref\nameref.sty"
Package: nameref 2016/05/21 v2.44 Cross-referencing by name of section

("C:\Program Files\MiKTeX 2.9\tex\generic\oberdiek\gettitlestring.sty"
Package: gettitlestring 2016/05/16 v1.5 Cleanup title references (HO)
)
\c@section@level=\count116
)
LaTeX Info: Redefining \ref on input line 44.
LaTeX Info: Redefining \pageref on input line 44.
LaTeX Info: Redefining \nameref on input line 44.
\@outlinefile=\write3
\openout3 = `MG.out'.

LaTeX Font Info:    External font `cmex10' loaded for size
(Font)              <14.4> on input line 47.
LaTeX Font Info:    External font `cmex10' loaded for size
(Font)              <7> on input line 47.

[1

{C:/ProgramData/MiKTeX/2.9/pdftex/config/pdftex.map}]
\tf@toc=\write4
\openout4 = `MG.toc'.

\tf@lot=\write5
\openout5 = `MG.lot'.

\tf@lof=\write6
\openout6 = `MG.lof'.

 [1]

Package natbib Warning: Citation `ParnasEtAl1984' on page 1 undefined on input 
line 71.


Package natbib Warning: Citation `Parnas1972a' on page 1 undefined on input lin
e 72.


Package natbib Warning: Citation `ParnasEtAl1984' on page 1 undefined on input 
line 78.

LaTeX Font Info:    Try loading font information for OMS+cmr on input line 80.
("C:\Program Files\MiKTeX 2.9\tex\latex\base\omscmr.fd"
File: omscmr.fd 2014/09/29 v2.5h Standard LaTeX font definitions
)
LaTeX Font Info:    Font shape `OMS/cmr/m/n' in size <12> not available
(Font)              Font shape `OMS/cmsy/m/n' tried instead on input line 80.


Package natbib Warning: Citation `ParnasEtAl1984' on page 1 undefined on input 
line 88.


LaTeX Warning: Reference `SecChange' on page 1 undefined on input line 108.


LaTeX Warning: Reference `SecMH' on page 1 undefined on input line 109.


LaTeX Warning: Reference `SecConnection' on page 1 undefined on input line 110.



LaTeX Warning: Reference `SecMD' on page 1 undefined on input line 112.


LaTeX Warning: Reference `SecTM' on page 1 undefined on input line 113.


LaTeX Warning: Reference `SecUse' on page 1 undefined on input line 116.


LaTeX Warning: Reference `SecAchange' on page 1 undefined on input line 122.


LaTeX Warning: Reference `SecUchange' on page 1 undefined on input line 123.

pdfTeX warning (ext4): destination with the same identifier (name{page.1}) has 
been already used, duplicate ignored
<to be read again> 
                   \relax 
l.124 
       [1]

LaTeX Warning: Reference `TblMH' on page 2 undefined on input line 148.


LaTeX Warning: `!h' float specifier changed to `!ht'.


LaTeX Warning: Reference `TblRT' on page 2 undefined on input line 192.


Package natbib Warning: Citation `ParnasEtAl1984' on page 2 undefined on input 
line 197.

[2]

LaTeX Warning: Reference `mHH' on page 3 undefined on input line 212.

[3]

LaTeX Warning: Reference `mInput' on page 4 undefined on input line 235.


LaTeX Warning: Reference `mHH' on page 4 undefined on input line 275.


LaTeX Warning: Reference `mInput' on page 4 undefined on input line 275.


LaTeX Warning: Reference `mParams' on page 4 undefined on input line 275.


LaTeX Warning: Reference `mControl' on page 4 undefined on input line 275.


Underfull \hbox (badness 6220) in paragraph at lines 276--276
[]|\OT1/cmr/m/n/12 Req 2: Wheel
 []


Underfull \hbox (badness 10000) in paragraph at lines 276--276
\OT1/cmr/m/n/12 num-ber pa-ram-e-
 []


LaTeX Warning: Reference `mInput' on page 4 undefined on input line 276.


LaTeX Warning: Reference `mParams' on page 4 undefined on input line 276.


LaTeX Warning: Reference `mVerify' on page 4 undefined on input line 277.


LaTeX Warning: Reference `mOutput' on page 4 undefined on input line 278.


LaTeX Warning: Reference `mControl' on page 4 undefined on input line 278.


LaTeX Warning: Reference `mOutput' on page 4 undefined on input line 279.


LaTeX Warning: Reference `mODEs' on page 4 undefined on input line 279.


LaTeX Warning: Reference `mControl' on page 4 undefined on input line 279.


LaTeX Warning: Reference `mSeqDS' on page 4 undefined on input line 279.


LaTeX Warning: Reference `mSolver' on page 4 undefined on input line 279.


LaTeX Warning: Reference `mPlot' on page 4 undefined on input line 279.


Underfull \hbox (badness 10000) in paragraph at lines 280--280
[]|\OT1/cmr/m/n/12 Req 6: Max
 []


LaTeX Warning: Reference `mOutput' on page 4 undefined on input line 280.


LaTeX Warning: Reference `mODEs' on page 4 undefined on input line 280.


LaTeX Warning: Reference `mControl' on page 4 undefined on input line 280.


LaTeX Warning: Reference `mSeqDS' on page 4 undefined on input line 280.


LaTeX Warning: Reference `mSolver' on page 4 undefined on input line 280.


LaTeX Warning: Reference `mPlot' on page 4 undefined on input line 280.


Underfull \hbox (badness 1675) in paragraph at lines 281--281
[]|\OT1/cmr/m/n/12 Req 7: Gen-er-a-
 []


Underfull \hbox (badness 4168) in paragraph at lines 281--281
\OT1/cmr/m/n/12 tion dis-play pa-
 []


LaTeX Warning: Reference `mOutput' on page 4 undefined on input line 281.


LaTeX Warning: Reference `mEnergy' on page 4 undefined on input line 281.


LaTeX Warning: Reference `mControl' on page 4 undefined on input line 281.


LaTeX Warning: Reference `mSeqDS' on page 4 undefined on input line 281.


LaTeX Warning: Reference `mPlot' on page 4 undefined on input line 281.


LaTeX Warning: Reference `mOutput' on page 4 undefined on input line 282.


LaTeX Warning: Reference `mEnergy' on page 4 undefined on input line 282.


LaTeX Warning: Reference `mControl' on page 4 undefined on input line 282.


LaTeX Warning: Reference `mSeqDS' on page 4 undefined on input line 282.


LaTeX Warning: Reference `mPlot' on page 4 undefined on input line 282.


LaTeX Warning: Reference `mVerifyOut' on page 4 undefined on input line 283.


LaTeX Warning: Reference `mOutput' on page 4 undefined on input line 284.


LaTeX Warning: Reference `mODEs' on page 4 undefined on input line 284.


LaTeX Warning: Reference `mControl' on page 4 undefined on input line 284.


LaTeX Warning: Reference `mOutput' on page 4 undefined on input line 285.


LaTeX Warning: Reference `mODEs' on page 4 undefined on input line 285.


LaTeX Warning: Reference `mEnergy' on page 4 undefined on input line 285.


LaTeX Warning: Reference `mControl' on page 4 undefined on input line 285.


Underfull \hbox (badness 5832) in paragraph at lines 286--286
[]|\OT1/cmr/m/n/12 Req 12: Road
 []


LaTeX Warning: Reference `mOutput' on page 4 undefined on input line 286.


LaTeX Warning: Reference `mODEs' on page 4 undefined on input line 286.


LaTeX Warning: Reference `mControl' on page 4 undefined on input line 286.


LaTeX Warning: Reference `mSeqDS' on page 4 undefined on input line 286.


LaTeX Warning: Reference `mSolver' on page 4 undefined on input line 286.


LaTeX Warning: Reference `mPlot' on page 4 undefined on input line 286.


LaTeX Warning: Reference `mOutput' on page 4 undefined on input line 287.


LaTeX Warning: Reference `mODEs' on page 4 undefined on input line 287.


LaTeX Warning: Reference `mControl' on page 4 undefined on input line 287.


LaTeX Warning: Reference `mSeqDS' on page 4 undefined on input line 287.


LaTeX Warning: Reference `mSolver' on page 4 undefined on input line 287.


LaTeX Warning: Reference `mPlot' on page 4 undefined on input line 287.


LaTeX Warning: Reference `mOutput' on page 4 undefined on input line 288.


LaTeX Warning: Reference `mODEs' on page 4 undefined on input line 288.


LaTeX Warning: Reference `mControl' on page 4 undefined on input line 288.


LaTeX Warning: Reference `mSeqDS' on page 4 undefined on input line 288.


LaTeX Warning: Reference `mSolver' on page 4 undefined on input line 288.


LaTeX Warning: Reference `mPlot' on page 4 undefined on input line 288.


LaTeX Warning: Reference `mOutput' on page 4 undefined on input line 289.


LaTeX Warning: Reference `mODEs' on page 4 undefined on input line 289.


LaTeX Warning: Reference `mControl' on page 4 undefined on input line 289.


LaTeX Warning: Reference `mSeqDS' on page 4 undefined on input line 289.


LaTeX Warning: Reference `mSolver' on page 4 undefined on input line 289.


LaTeX Warning: Reference `mPlot' on page 4 undefined on input line 289.


LaTeX Warning: Reference `mOutput' on page 4 undefined on input line 290.


LaTeX Warning: Reference `mODEs' on page 4 undefined on input line 290.


LaTeX Warning: Reference `mControl' on page 4 undefined on input line 290.


LaTeX Warning: Reference `mSeqDS' on page 4 undefined on input line 290.


LaTeX Warning: Reference `mSolver' on page 4 undefined on input line 290.


LaTeX Warning: Reference `mPlot' on page 4 undefined on input line 290.


LaTeX Warning: Reference `mOutput' on page 4 undefined on input line 291.


LaTeX Warning: Reference `mODEs' on page 4 undefined on input line 291.


LaTeX Warning: Reference `mControl' on page 4 undefined on input line 291.


LaTeX Warning: Reference `mSeqDS' on page 4 undefined on input line 291.


LaTeX Warning: Reference `mSolver' on page 4 undefined on input line 291.


LaTeX Warning: Reference `mPlot' on page 4 undefined on input line 291.


Underfull \hbox (badness 7326) in paragraph at lines 292--292
[]|\OT1/cmr/m/n/12 Req 18: Non-
 []


Underfull \hbox (badness 10000) in paragraph at lines 292--292
\OT1/cmr/m/n/12 moving pa-ram-e-
 []


LaTeX Warning: Reference `mOutput' on page 4 undefined on input line 292.


LaTeX Warning: Reference `mODEs' on page 4 undefined on input line 292.


LaTeX Warning: Reference `mControl' on page 4 undefined on input line 292.


LaTeX Warning: Reference `mSeqDS' on page 4 undefined on input line 292.


LaTeX Warning: Reference `mSolver' on page 4 undefined on input line 292.


LaTeX Warning: Reference `mPlot' on page 4 undefined on input line 292.


Underfull \hbox (badness 1132) in paragraph at lines 293--293
[]|\OT1/cmr/m/n/12 Req 19: Fit-ness
 []


LaTeX Warning: Reference `mOutput' on page 4 undefined on input line 293.


LaTeX Warning: Reference `mODEs' on page 4 undefined on input line 293.


LaTeX Warning: Reference `mControl' on page 4 undefined on input line 293.


LaTeX Warning: Reference `mSeqDS' on page 4 undefined on input line 293.


LaTeX Warning: Reference `mSolver' on page 4 undefined on input line 293.


LaTeX Warning: Reference `mPlot' on page 4 undefined on input line 293.


LaTeX Warning: Reference `mOutput' on page 4 undefined on input line 294.


LaTeX Warning: Reference `mODEs' on page 4 undefined on input line 294.


LaTeX Warning: Reference `mControl' on page 4 undefined on input line 294.


LaTeX Warning: Reference `mSeqDS' on page 4 undefined on input line 294.


LaTeX Warning: Reference `mSolver' on page 4 undefined on input line 294.


LaTeX Warning: Reference `mPlot' on page 4 undefined on input line 294.

[4]
Overfull \vbox (125.05368pt too high) has occurred while \output is active []


[5]

LaTeX Warning: Reference `acHardware' on page 6 undefined on input line 308.


LaTeX Warning: Reference `mHH' on page 6 undefined on input line 308.


LaTeX Warning: Reference `acInput' on page 6 undefined on input line 309.


LaTeX Warning: Reference `mInput' on page 6 undefined on input line 309.


LaTeX Warning: Reference `acParams' on page 6 undefined on input line 310.


LaTeX Warning: Reference `mParams' on page 6 undefined on input line 310.


LaTeX Warning: Reference `acVerify' on page 6 undefined on input line 311.


LaTeX Warning: Reference `mVerify' on page 6 undefined on input line 311.


LaTeX Warning: Reference `acOutput' on page 6 undefined on input line 312.


LaTeX Warning: Reference `mOutput' on page 6 undefined on input line 312.


LaTeX Warning: Reference `acVerifyOut' on page 6 undefined on input line 313.


LaTeX Warning: Reference `mVerifyOut' on page 6 undefined on input line 313.


LaTeX Warning: Reference `acODEs' on page 6 undefined on input line 314.


LaTeX Warning: Reference `mODEs' on page 6 undefined on input line 314.


LaTeX Warning: Reference `acEnergy' on page 6 undefined on input line 315.


LaTeX Warning: Reference `mEnergy' on page 6 undefined on input line 315.


LaTeX Warning: Reference `acControl' on page 6 undefined on input line 316.


LaTeX Warning: Reference `mControl' on page 6 undefined on input line 316.


LaTeX Warning: Reference `acSeqDS' on page 6 undefined on input line 317.


LaTeX Warning: Reference `mSeqDS' on page 6 undefined on input line 317.


LaTeX Warning: Reference `acSolver' on page 6 undefined on input line 318.


LaTeX Warning: Reference `mSolver' on page 6 undefined on input line 318.


LaTeX Warning: Reference `acPlot' on page 6 undefined on input line 319.


LaTeX Warning: Reference `mPlot' on page 6 undefined on input line 319.


Package natbib Warning: Citation `Parnas1978' on page 6 undefined on input line
 329.


LaTeX Warning: Reference `FigUH' on page 6 undefined on input line 333.

No file MG.bbl.

Package natbib Warning: There were undefined citations.

Package atveryend Info: Empty hook `BeforeClearDocument' on input line 351.
[6]
Package atveryend Info: Empty hook `AfterLastShipout' on input line 351.
 (MG.aux)
Package atveryend Info: Executing hook `AtVeryEndDocument' on input line 351.
Package atveryend Info: Executing hook `AtEndAfterFileList' on input line 351.


Package rerunfilecheck Warning: File `MG.out' has changed.
(rerunfilecheck)                Rerun to get outlines right
(rerunfilecheck)                or use package `bookmark'.

Package rerunfilecheck Info: Checksums for `MG.out':
(rerunfilecheck)             Before: <no file>
(rerunfilecheck)             After:  517FEE8C4A2CC6FE054A483451796E1B;1006.

LaTeX Warning: There were undefined references.


LaTeX Warning: Label(s) may have changed. Rerun to get cross-references right.

Package atveryend Info: Empty hook `AtVeryVeryEnd' on input line 351.
 ) 
Here is how much of TeX's memory you used:
 5840 strings out of 493334
 84951 string characters out of 3136675
 179248 words of memory out of 3000000
 9283 multiletter control sequences out of 15000+200000
 9155 words of font info for 32 fonts, out of 3000000 for 9000
 1141 hyphenation exceptions out of 8191
 29i,11n,28p,279b,387s stack positions out of 5000i,500n,10000p,200000b,50000s
<C:/Program Files/MiKTeX 2.9/fonts/type1/public/amsfonts/cm/cmbx12.pfb><C:/Pr
ogram Files/MiKTeX 2.9/fonts/type1/public/amsfonts/cm/cmr12.pfb><C:/Program Fil
es/MiKTeX 2.9/fonts/type1/public/amsfonts/cm/cmr17.pfb><C:/Program Files/MiKTeX
 2.9/fonts/type1/public/amsfonts/cm/cmsy10.pfb><C:/Program Files/MiKTeX 2.9/fon
ts/type1/public/amsfonts/cm/cmti12.pfb>
Output written on MG.pdf (8 pages, 88341 bytes).
PDF statistics:
 94 PDF objects out of 1000 (max. 8388607)
 36 named destinations out of 1000 (max. 500000)
 1 words of extra memory for PDF output out of 10000 (max. 10000000)

