\BOOKMARK [1][-]{section.1}{Introduction}{}% 1
\BOOKMARK [1][-]{section.2}{Anticipated and Unlikely Changes}{}% 2
\BOOKMARK [2][-]{subsection.2.1}{Anticipated Changes}{section.2}% 3
\BOOKMARK [2][-]{subsection.2.2}{Unlikely Changes}{section.2}% 4
\BOOKMARK [1][-]{section.3}{Module Hierarchy}{}% 5
\BOOKMARK [1][-]{section.4}{Connection Between Requirements and Design}{}% 6
\BOOKMARK [1][-]{section.5}{Module Decomposition}{}% 7
\BOOKMARK [2][-]{subsection.5.1}{Hardware Hiding Modules \(M1\)}{section.5}% 8
\BOOKMARK [2][-]{subsection.5.2}{Behaviour-Hiding Module}{section.5}% 9
\BOOKMARK [3][-]{subsubsection.5.2.1}{Car creation module}{subsection.5.2}% 10
\BOOKMARK [3][-]{subsubsection.5.2.2}{Evolve car module}{subsection.5.2}% 11
\BOOKMARK [3][-]{subsubsection.5.2.3}{Road creation module}{subsection.5.2}% 12
\BOOKMARK [3][-]{subsubsection.5.2.4}{Graphics Display module}{subsection.5.2}% 13
\BOOKMARK [2][-]{subsection.5.3}{Software Decision Module}{section.5}% 14
\BOOKMARK [3][-]{subsubsection.5.3.1}{Genetic Algorithm module}{subsection.5.3}% 15
\BOOKMARK [3][-]{subsubsection.5.3.2}{Random seed generation and manipulation module}{subsection.5.3}% 16
\BOOKMARK [3][-]{subsubsection.5.3.3}{Fitness determination module}{subsection.5.3}% 17
\BOOKMARK [3][-]{subsubsection.5.3.4}{Searching algorithms module}{subsection.5.3}% 18
\BOOKMARK [3][-]{subsubsection.5.3.5}{Sorting algorithms module}{subsection.5.3}% 19
\BOOKMARK [3][-]{subsubsection.5.3.6}{Population generation algorithms module}{subsection.5.3}% 20
\BOOKMARK [1][-]{section.6}{Traceability Matrix}{}% 21
\BOOKMARK [1][-]{section.7}{Use Hierarchy Between Modules}{}% 22
