\BOOKMARK [1][-]{section.1}{Project Drivers}{}% 1
\BOOKMARK [2][-]{subsection.1.1}{The Purpose of the Project}{section.1}% 2
\BOOKMARK [2][-]{subsection.1.2}{The Stakeholders}{section.1}% 3
\BOOKMARK [3][-]{subsubsection.1.2.1}{The Client}{subsection.1.2}% 4
\BOOKMARK [3][-]{subsubsection.1.2.2}{The Customers}{subsection.1.2}% 5
\BOOKMARK [3][-]{subsubsection.1.2.3}{Other Stakeholders}{subsection.1.2}% 6
\BOOKMARK [2][-]{subsection.1.3}{Mandated Constraints}{section.1}% 7
\BOOKMARK [2][-]{subsection.1.4}{Naming Conventions and Terminology}{section.1}% 8
\BOOKMARK [2][-]{subsection.1.5}{Relevant Facts and Assumptions}{section.1}% 9
\BOOKMARK [1][-]{section.2}{Functional Requirements}{}% 10
\BOOKMARK [2][-]{subsection.2.1}{The Scope of the Work and the Product}{section.2}% 11
\BOOKMARK [3][-]{subsubsection.2.1.1}{The Context of the Work}{subsection.2.1}% 12
\BOOKMARK [3][-]{subsubsection.2.1.2}{Work Partitioning}{subsection.2.1}% 13
\BOOKMARK [3][-]{subsubsection.2.1.3}{Individual Product Use Cases}{subsection.2.1}% 14
\BOOKMARK [2][-]{subsection.2.2}{Functional Requirements}{section.2}% 15
\BOOKMARK [1][-]{section.3}{Non-functional Requirements}{}% 16
\BOOKMARK [2][-]{subsection.3.1}{Look and Feel Requirements}{section.3}% 17
\BOOKMARK [3][-]{subsubsection.3.1.1}{Appearance Requirements}{subsection.3.1}% 18
\BOOKMARK [3][-]{subsubsection.3.1.2}{Style Requirements}{subsection.3.1}% 19
\BOOKMARK [2][-]{subsection.3.2}{Usability and Humanity Requirements}{section.3}% 20
\BOOKMARK [3][-]{subsubsection.3.2.1}{Ease of Use Requirements}{subsection.3.2}% 21
\BOOKMARK [3][-]{subsubsection.3.2.2}{Personalization Requirements}{subsection.3.2}% 22
\BOOKMARK [3][-]{subsubsection.3.2.3}{Learning Requirements}{subsection.3.2}% 23
\BOOKMARK [2][-]{subsection.3.3}{Performance Requirements}{section.3}% 24
\BOOKMARK [3][-]{subsubsection.3.3.1}{Speed and Latency Requirements}{subsection.3.3}% 25
\BOOKMARK [3][-]{subsubsection.3.3.2}{Precision and Reliability Requirements}{subsection.3.3}% 26
\BOOKMARK [3][-]{subsubsection.3.3.3}{Longevity Requirements}{subsection.3.3}% 27
\BOOKMARK [2][-]{subsection.3.4}{Operational and Environmental Requirements}{section.3}% 28
\BOOKMARK [3][-]{subsubsection.3.4.1}{Productization Requirements}{subsection.3.4}% 29
\BOOKMARK [2][-]{subsection.3.5}{Maintainability and Support Requirements}{section.3}% 30
\BOOKMARK [3][-]{subsubsection.3.5.1}{Maintenance Requirements}{subsection.3.5}% 31
\BOOKMARK [3][-]{subsubsection.3.5.2}{Supportability Requirements}{subsection.3.5}% 32
\BOOKMARK [3][-]{subsubsection.3.5.3}{Adaptability Requirements}{subsection.3.5}% 33
\BOOKMARK [2][-]{subsection.3.6}{Security Requirements}{section.3}% 34
\BOOKMARK [3][-]{subsubsection.3.6.1}{Access Requirements}{subsection.3.6}% 35
\BOOKMARK [3][-]{subsubsection.3.6.2}{Integrity Requirements}{subsection.3.6}% 36
\BOOKMARK [3][-]{subsubsection.3.6.3}{Privacy Requirements}{subsection.3.6}% 37
\BOOKMARK [2][-]{subsection.3.7}{Cultural Requirements}{section.3}% 38
\BOOKMARK [2][-]{subsection.3.8}{Legal Requirements}{section.3}% 39
\BOOKMARK [2][-]{subsection.3.9}{Health and Safety Requirements}{section.3}% 40
\BOOKMARK [1][-]{section.4}{Project Issues}{}% 41
\BOOKMARK [2][-]{subsection.4.1}{Open Issues}{section.4}% 42
\BOOKMARK [2][-]{subsection.4.2}{Off-the-Shelf Solutions}{section.4}% 43
\BOOKMARK [2][-]{subsection.4.3}{New Problems}{section.4}% 44
\BOOKMARK [2][-]{subsection.4.4}{Tasks}{section.4}% 45
\BOOKMARK [2][-]{subsection.4.5}{Migration to the New Product}{section.4}% 46
\BOOKMARK [2][-]{subsection.4.6}{Risks}{section.4}% 47
\BOOKMARK [2][-]{subsection.4.7}{Costs}{section.4}% 48
\BOOKMARK [2][-]{subsection.4.8}{User Documentation and Training}{section.4}% 49
\BOOKMARK [2][-]{subsection.4.9}{Waiting Room}{section.4}% 50
\BOOKMARK [2][-]{subsection.4.10}{Ideas for Solutions}{section.4}% 51
\BOOKMARK [1][-]{section.5}{Appendix}{}% 52
\BOOKMARK [2][-]{subsection.5.1}{List of Figures}{section.5}% 53
\BOOKMARK [2][-]{subsection.5.2}{Symbolic Parameters}{section.5}% 54
